{
  "RSpec": {
    "coverage": {
      "/home/studinf/mbeiger/Ruby/zadanie_2/lib/NWD.rb": [
        null,
        1,
        10,
        0,
        null,
        10,
        1,
        null,
        9,
        15,
        15,
        15,
        null,
        9,
        null
      ],
      "/home/studinf/mbeiger/Ruby/zadanie_2/spec/czynniki_pierwsze_spec.rb": [
        1,
        1,
        null,
        1,
        null,
        1,
        1,
        2,
        null,
        1,
        1,
        1,
        1,
        1,
        null,
        1,
        1,
        1,
        1,
        1,
        1,
        null,
        1,
        1,
        1,
        1,
        null,
        null
      ],
      "/home/studinf/mbeiger/Ruby/zadanie_2/lib/czynniki_pierwsze.rb": [
        null,
        null,
        1,
        13,
        13,
        10,
        10,
        593,
        27,
        27,
        27,
        null,
        593,
        null,
        10,
        null
      ],
      "/home/studinf/mbeiger/Ruby/zadanie_2/spec/fibonacci_spec.rb": [
        1,
        1,
        null,
        1,
        null,
        1,
        1,
        2,
        null,
        1,
        1,
        1,
        1,
        1,
        null,
        1,
        1,
        1,
        1,
        null,
        1,
        1,
        1,
        null,
        null
      ],
      "/home/studinf/mbeiger/Ruby/zadanie_2/lib/fibonacci.rb": [
        null,
        1,
        264802,
        214226,
        214226,
        132396,
        null
      ],
      "/home/studinf/mbeiger/Ruby/zadanie_2/spec/pierwsze_liczby_spec.rb": [
        1,
        1,
        null,
        1,
        null,
        1,
        1,
        2,
        null,
        1,
        1,
        1,
        1,
        1,
        null,
        1,
        1,
        1,
        1,
        null,
        1,
        1,
        1,
        null,
        null
      ],
      "/home/studinf/mbeiger/Ruby/zadanie_2/lib/pierwsze_liczby.rb": [
        null,
        null,
        1,
        18,
        15,
        12,
        4,
        null
      ],
      "/home/studinf/mbeiger/Ruby/zadanie_2/spec/silnia_spec.rb": [
        1,
        1,
        null,
        1,
        null,
        1,
        1,
        2,
        null,
        1,
        1,
        1,
        1,
        1,
        null,
        1,
        1,
        1,
        1,
        1,
        null,
        1,
        1,
        1,
        1,
        null,
        null
      ],
      "/home/studinf/mbeiger/Ruby/zadanie_2/lib/silnia.rb": [
        null,
        1,
        178,
        166,
        null
      ]
    },
    "timestamp": 1447754889
  }
}
